<?xml version="1.0" encoding="UTF-8" ?>
<testsuite tests="11" failures="0" name="br.com.crescer.aula1.StringUtilsTest" time="0.085" errors="0" skipped="0">
  <properties>
[...]
</properties>
  <testcase classname="br.com.crescer.aula1.StringUtilsTest" name="contaVogalEmABCDE" time="0.016"/>
  <testcase classname="br.com.crescer.aula1.StringUtilsTest" name="palavraOvoPalindromo" time="0"/>
  <testcase classname="br.com.crescer.aula1.StringUtilsTest" name="palavraCachorroNaoPalindromo" time="0"/>
  <testcase classname="br.com.crescer.aula1.StringUtilsTest" name="IsEmptySemEspa\u00E7os" time="0"/>
  <testcase classname="br.com.crescer.aula1.StringUtilsTest" name="invertePalavraMaiuscula" time="0"/>
  <testcase classname="br.com.crescer.aula1.StringUtilsTest" name="contaVogalEmStringVazia" time="0"/>
  <testcase classname="br.com.crescer.aula1.StringUtilsTest" name="naoIsEmpty" time="0"/>
  <testcase classname="br.com.crescer.aula1.StringUtilsTest" name="invertePalavraMinuscula" time="0"/>
  <testcase classname="br.com.crescer.aula1.StringUtilsTest" name="contaNenhumaVogal" time="0"/>
  <testcase classname="br.com.crescer.aula1.StringUtilsTest" name="palavraAmaPalindromo" time="0"/>
  <testcase classname="br.com.crescer.aula1.StringUtilsTest" name="IsEmptyComEspa\u00E7os" time="0"/>
</testsuite>